<?xml version="1.0" encoding="UTF-8" ?>
<testsuite failures="0" time="2.883" errors="0" skipped="0" tests="4" name="fr.treeptik.locationvoiture.service.VoitureServiceImplTest">
  <properties>
[...]
</properties>
  <testcase time="2.819" classname="fr.treeptik.locationvoiture.service.VoitureServiceImplTest" name="testremote"/>
  <testcase time="0.01" classname="fr.treeptik.locationvoiture.service.VoitureServiceImplTest" name="testSave"/>
  <testcase time="0.022" classname="fr.treeptik.locationvoiture.service.VoitureServiceImplTest" name="testFindById"/>
  <testcase time="0.032" classname="fr.treeptik.locationvoiture.service.VoitureServiceImplTest" name="testfindall"/>
</testsuite>